2022-11-18T15:31:34.975Z - [38;5;167mERROR[0m - connect ECONNREFUSED 127.0.0.1:27017
  MongooseServerSelectionError: connect ECONNREFUSED 127.0.0.1:27017
    at Connection.openUri (/mnt/c/Users/schornberg/PhpstormProjects/axgx/node_modules/mongoose/lib/connection.js:824:32)
    at /mnt/c/Users/schornberg/PhpstormProjects/axgx/node_modules/mongoose/lib/index.js:413:10
    at /mnt/c/Users/schornberg/PhpstormProjects/axgx/node_modules/mongoose/lib/helpers/promiseOrCallback.js:41:5
    at new Promise (<anonymous>)
    at promiseOrCallback (/mnt/c/Users/schornberg/PhpstormProjects/axgx/node_modules/mongoose/lib/helpers/promiseOrCallback.js:40:10)
    at Mongoose._promiseOrCallback (/mnt/c/Users/schornberg/PhpstormProjects/axgx/node_modules/mongoose/lib/index.js:1266:10)
    at Mongoose.connect (/mnt/c/Users/schornberg/PhpstormProjects/axgx/node_modules/mongoose/lib/index.js:412:20)
    at dbConnect (/mnt/c/Users/schornberg/PhpstormProjects/axgx/utils/mongodb.js:22:27)
    at exports.dbGetLastConversation (/mnt/c/Users/schornberg/PhpstormProjects/axgx/utils/mongodb.js:32:21)
    at /mnt/c/Users/schornberg/PhpstormProjects/axgx/controller/api/bot/index.js:30:34
    at Layer.handle [as handle_request] (/mnt/c/Users/schornberg/PhpstormProjects/axgx/node_modules/express/lib/router/layer.js:95:5)
    at next (/mnt/c/Users/schornberg/PhpstormProjects/axgx/node_modules/express/lib/router/route.js:144:13)
    at Route.dispatch (/mnt/c/Users/schornberg/PhpstormProjects/axgx/node_modules/express/lib/router/route.js:114:3)
    at Layer.handle [as handle_request] (/mnt/c/Users/schornberg/PhpstormProjects/axgx/node_modules/express/lib/router/layer.js:95:5)
    at /mnt/c/Users/schornberg/PhpstormProjects/axgx/node_modules/express/lib/router/index.js:284:15
    at Function.process_params (/mnt/c/Users/schornberg/PhpstormProjects/axgx/node_modules/express/lib/router/index.js:346:12)
    at next (/mnt/c/Users/schornberg/PhpstormProjects/axgx/node_modules/express/lib/router/index.js:280:10)
    at Function.handle (/mnt/c/Users/schornberg/PhpstormProjects/axgx/node_modules/express/lib/router/index.js:175:3)
    at router (/mnt/c/Users/schornberg/PhpstormProjects/axgx/node_modules/express/lib/router/index.js:47:12)
    at Layer.handle [as handle_request] (/mnt/c/Users/schornberg/PhpstormProjects/axgx/node_modules/express/lib/router/layer.js:95:5)
    at trim_prefix (/mnt/c/Users/schornberg/PhpstormProjects/axgx/node_modules/express/lib/router/index.js:328:13)
    at /mnt/c/Users/schornberg/PhpstormProjects/axgx/node_modules/express/lib/router/index.js:286:9
    at Function.process_params (/mnt/c/Users/schornberg/PhpstormProjects/axgx/node_modules/express/lib/router/index.js:346:12)
    at next (/mnt/c/Users/schornberg/PhpstormProjects/axgx/node_modules/express/lib/router/index.js:280:10)
    at cors (/mnt/c/Users/schornberg/PhpstormProjects/axgx/node_modules/cors/lib/index.js:188:7)
    at /mnt/c/Users/schornberg/PhpstormProjects/axgx/node_modules/cors/lib/index.js:224:17
    at originCallback (/mnt/c/Users/schornberg/PhpstormProjects/axgx/node_modules/cors/lib/index.js:214:15)
    at /mnt/c/Users/schornberg/PhpstormProjects/axgx/node_modules/cors/lib/index.js:219:13
    at optionsCallback (/mnt/c/Users/schornberg/PhpstormProjects/axgx/node_modules/cors/lib/index.js:199:9)
    at corsMiddleware (/mnt/c/Users/schornberg/PhpstormProjects/axgx/node_modules/cors/lib/index.js:204:7)
    at Layer.handle [as handle_request] (/mnt/c/Users/schornberg/PhpstormProjects/axgx/node_modules/express/lib/router/layer.js:95:5)
    at trim_prefix (/mnt/c/Users/schornberg/PhpstormProjects/axgx/node_modules/express/lib/router/index.js:328:13)
    at /mnt/c/Users/schornberg/PhpstormProjects/axgx/node_modules/express/lib/router/index.js:286:9
    at Function.process_params (/mnt/c/Users/schornberg/PhpstormProjects/axgx/node_modules/express/lib/router/index.js:346:12)
    at next (/mnt/c/Users/schornberg/PhpstormProjects/axgx/node_modules/express/lib/router/index.js:280:10)
    at expressInit (/mnt/c/Users/schornberg/PhpstormProjects/axgx/node_modules/express/lib/middleware/init.js:40:5)
    at Layer.handle [as handle_request] (/mnt/c/Users/schornberg/PhpstormProjects/axgx/node_modules/express/lib/router/layer.js:95:5)
    at trim_prefix (/mnt/c/Users/schornberg/PhpstormProjects/axgx/node_modules/express/lib/router/index.js:328:13)
    at /mnt/c/Users/schornberg/PhpstormProjects/axgx/node_modules/express/lib/router/index.js:286:9
    at Function.process_params (/mnt/c/Users/schornberg/PhpstormProjects/axgx/node_modules/express/lib/router/index.js:346:12)
    at next (/mnt/c/Users/schornberg/PhpstormProjects/axgx/node_modules/express/lib/router/index.js:280:10)
    at query (/mnt/c/Users/schornberg/PhpstormProjects/axgx/node_modules/express/lib/middleware/query.js:45:5)
    at Layer.handle [as handle_request] (/mnt/c/Users/schornberg/PhpstormProjects/axgx/node_modules/express/lib/router/layer.js:95:5)
    at trim_prefix (/mnt/c/Users/schornberg/PhpstormProjects/axgx/node_modules/express/lib/router/index.js:328:13)
    at /mnt/c/Users/schornberg/PhpstormProjects/axgx/node_modules/express/lib/router/index.js:286:9
    at Function.process_params (/mnt/c/Users/schornberg/PhpstormProjects/axgx/node_modules/express/lib/router/index.js:346:12)
    at next (/mnt/c/Users/schornberg/PhpstormProjects/axgx/node_modules/express/lib/router/index.js:280:10)
    at Function.handle (/mnt/c/Users/schornberg/PhpstormProjects/axgx/node_modules/express/lib/router/index.js:175:3)
    at Function.handle (/mnt/c/Users/schornberg/PhpstormProjects/axgx/node_modules/express/lib/application.js:181:10)
    at Server.app (/mnt/c/Users/schornberg/PhpstormProjects/axgx/node_modules/express/lib/express.js:39:9)
2022-11-18T15:31:44.985Z - [38;5;167mERROR[0m - Operation `users.findOne()` buffering timed out after 10000ms
  MongooseError: Operation `users.findOne()` buffering timed out after 10000ms
    at Timeout.<anonymous> (/mnt/c/Users/schornberg/PhpstormProjects/axgx/node_modules/mongoose/lib/drivers/node-mongodb-native/collection.js:153:23)
    at listOnTimeout (node:internal/timers:564:17)
    at process.processTimers (node:internal/timers:507:7)
2022-11-18T15:35:45.319Z - [38;5;167mERROR[0m - connect ECONNREFUSED 127.0.0.1:27017
  MongooseServerSelectionError: connect ECONNREFUSED 127.0.0.1:27017
    at Connection.openUri (/mnt/c/Users/schornberg/PhpstormProjects/axgx/node_modules/mongoose/lib/connection.js:824:32)
    at /mnt/c/Users/schornberg/PhpstormProjects/axgx/node_modules/mongoose/lib/index.js:413:10
    at /mnt/c/Users/schornberg/PhpstormProjects/axgx/node_modules/mongoose/lib/helpers/promiseOrCallback.js:41:5
    at new Promise (<anonymous>)
    at promiseOrCallback (/mnt/c/Users/schornberg/PhpstormProjects/axgx/node_modules/mongoose/lib/helpers/promiseOrCallback.js:40:10)
    at Mongoose._promiseOrCallback (/mnt/c/Users/schornberg/PhpstormProjects/axgx/node_modules/mongoose/lib/index.js:1266:10)
    at Mongoose.connect (/mnt/c/Users/schornberg/PhpstormProjects/axgx/node_modules/mongoose/lib/index.js:412:20)
    at dbConnect (/mnt/c/Users/schornberg/PhpstormProjects/axgx/utils/mongodb.js:22:27)
    at exports.dbGetLastConversation (/mnt/c/Users/schornberg/PhpstormProjects/axgx/utils/mongodb.js:36:21)
    at /mnt/c/Users/schornberg/PhpstormProjects/axgx/controller/api/bot/index.js:30:34
    at Layer.handle [as handle_request] (/mnt/c/Users/schornberg/PhpstormProjects/axgx/node_modules/express/lib/router/layer.js:95:5)
    at next (/mnt/c/Users/schornberg/PhpstormProjects/axgx/node_modules/express/lib/router/route.js:144:13)
    at Route.dispatch (/mnt/c/Users/schornberg/PhpstormProjects/axgx/node_modules/express/lib/router/route.js:114:3)
    at Layer.handle [as handle_request] (/mnt/c/Users/schornberg/PhpstormProjects/axgx/node_modules/express/lib/router/layer.js:95:5)
    at /mnt/c/Users/schornberg/PhpstormProjects/axgx/node_modules/express/lib/router/index.js:284:15
    at Function.process_params (/mnt/c/Users/schornberg/PhpstormProjects/axgx/node_modules/express/lib/router/index.js:346:12)
    at next (/mnt/c/Users/schornberg/PhpstormProjects/axgx/node_modules/express/lib/router/index.js:280:10)
    at Function.handle (/mnt/c/Users/schornberg/PhpstormProjects/axgx/node_modules/express/lib/router/index.js:175:3)
    at router (/mnt/c/Users/schornberg/PhpstormProjects/axgx/node_modules/express/lib/router/index.js:47:12)
    at Layer.handle [as handle_request] (/mnt/c/Users/schornberg/PhpstormProjects/axgx/node_modules/express/lib/router/layer.js:95:5)
    at trim_prefix (/mnt/c/Users/schornberg/PhpstormProjects/axgx/node_modules/express/lib/router/index.js:328:13)
    at /mnt/c/Users/schornberg/PhpstormProjects/axgx/node_modules/express/lib/router/index.js:286:9
    at Function.process_params (/mnt/c/Users/schornberg/PhpstormProjects/axgx/node_modules/express/lib/router/index.js:346:12)
    at next (/mnt/c/Users/schornberg/PhpstormProjects/axgx/node_modules/express/lib/router/index.js:280:10)
    at cors (/mnt/c/Users/schornberg/PhpstormProjects/axgx/node_modules/cors/lib/index.js:188:7)
    at /mnt/c/Users/schornberg/PhpstormProjects/axgx/node_modules/cors/lib/index.js:224:17
    at originCallback (/mnt/c/Users/schornberg/PhpstormProjects/axgx/node_modules/cors/lib/index.js:214:15)
    at /mnt/c/Users/schornberg/PhpstormProjects/axgx/node_modules/cors/lib/index.js:219:13
    at optionsCallback (/mnt/c/Users/schornberg/PhpstormProjects/axgx/node_modules/cors/lib/index.js:199:9)
    at corsMiddleware (/mnt/c/Users/schornberg/PhpstormProjects/axgx/node_modules/cors/lib/index.js:204:7)
    at Layer.handle [as handle_request] (/mnt/c/Users/schornberg/PhpstormProjects/axgx/node_modules/express/lib/router/layer.js:95:5)
    at trim_prefix (/mnt/c/Users/schornberg/PhpstormProjects/axgx/node_modules/express/lib/router/index.js:328:13)
    at /mnt/c/Users/schornberg/PhpstormProjects/axgx/node_modules/express/lib/router/index.js:286:9
    at Function.process_params (/mnt/c/Users/schornberg/PhpstormProjects/axgx/node_modules/express/lib/router/index.js:346:12)
    at next (/mnt/c/Users/schornberg/PhpstormProjects/axgx/node_modules/express/lib/router/index.js:280:10)
    at expressInit (/mnt/c/Users/schornberg/PhpstormProjects/axgx/node_modules/express/lib/middleware/init.js:40:5)
    at Layer.handle [as handle_request] (/mnt/c/Users/schornberg/PhpstormProjects/axgx/node_modules/express/lib/router/layer.js:95:5)
    at trim_prefix (/mnt/c/Users/schornberg/PhpstormProjects/axgx/node_modules/express/lib/router/index.js:328:13)
    at /mnt/c/Users/schornberg/PhpstormProjects/axgx/node_modules/express/lib/router/index.js:286:9
    at Function.process_params (/mnt/c/Users/schornberg/PhpstormProjects/axgx/node_modules/express/lib/router/index.js:346:12)
    at next (/mnt/c/Users/schornberg/PhpstormProjects/axgx/node_modules/express/lib/router/index.js:280:10)
    at query (/mnt/c/Users/schornberg/PhpstormProjects/axgx/node_modules/express/lib/middleware/query.js:45:5)
    at Layer.handle [as handle_request] (/mnt/c/Users/schornberg/PhpstormProjects/axgx/node_modules/express/lib/router/layer.js:95:5)
    at trim_prefix (/mnt/c/Users/schornberg/PhpstormProjects/axgx/node_modules/express/lib/router/index.js:328:13)
    at /mnt/c/Users/schornberg/PhpstormProjects/axgx/node_modules/express/lib/router/index.js:286:9
    at Function.process_params (/mnt/c/Users/schornberg/PhpstormProjects/axgx/node_modules/express/lib/router/index.js:346:12)
    at next (/mnt/c/Users/schornberg/PhpstormProjects/axgx/node_modules/express/lib/router/index.js:280:10)
    at Function.handle (/mnt/c/Users/schornberg/PhpstormProjects/axgx/node_modules/express/lib/router/index.js:175:3)
    at Function.handle (/mnt/c/Users/schornberg/PhpstormProjects/axgx/node_modules/express/lib/application.js:181:10)
    at Server.app (/mnt/c/Users/schornberg/PhpstormProjects/axgx/node_modules/express/lib/express.js:39:9)
2022-11-18T15:35:55.333Z - [38;5;167mERROR[0m - Operation `users.findOne()` buffering timed out after 10000ms
  MongooseError: Operation `users.findOne()` buffering timed out after 10000ms
    at Timeout.<anonymous> (/mnt/c/Users/schornberg/PhpstormProjects/axgx/node_modules/mongoose/lib/drivers/node-mongodb-native/collection.js:153:23)
    at listOnTimeout (node:internal/timers:564:17)
    at process.processTimers (node:internal/timers:507:7)
