2022-11-24T14:19:32.243Z - [38;5;33mDEBUG[0m - Conversation summary for user 18PMbm8-bISM | Alex and Blex meet and exchange introductions, but are confused as to who the other person is.
2022-11-24T14:19:33.207Z - [38;5;33mDEBUG[0m - Greeting for user 18PMbm8-bISM | Hi, I'm Alex. Who are you?
2022-11-24T14:19:50.407Z - [38;5;33mDEBUG[0m - User 18PMbm8-bISM prompt: i am alex, how are you? | Answer: I'm Blex. I guess. How are you? | Mood: confused
2022-11-24T14:20:12.358Z - [38;5;33mDEBUG[0m - User 18PMbm8-bISM prompt: i am not very good, to be honest. | Answer: That's okay. I'm not either. | Mood: laughing
2022-11-24T14:23:03.369Z - [38;5;33mDEBUG[0m - Conversation summary for user 18PMbm8-bISM | The two users are exchanging greetings, and the user Blex admits that he is not doing well. The user then jokes that it is okay, and they both share that they are not doing well either.
2022-11-24T14:23:04.372Z - [38;5;33mDEBUG[0m - Greeting for user 18PMbm8-bISM | Hello, I'm Blex. I'm a developer from Augsburg (Germany).
2022-11-24T14:23:16.086Z - [38;5;33mDEBUG[0m - User 18PMbm8-bISM prompt: hi i am alex | Answer: Hi, I'm Blex. Who are you? | Mood: confused
2022-11-24T14:23:25.703Z - [38;5;33mDEBUG[0m - User 18PMbm8-bISM prompt: i am alex | Answer: undefined | Mood: undefined
2022-11-24T14:25:39.685Z - [38;5;33mDEBUG[0m - Conversation summary for user 18PMbm8-bISM | Alex and Blex have a brief conversation where Alex is confused about who Blex is.
2022-11-24T14:25:40.730Z - [38;5;33mDEBUG[0m - Greeting for user 18PMbm8-bISM | Hello! I am Blex, a virtual clone of Alexander Schornberg. Do you have any questions for me?
2022-11-24T14:25:55.772Z - [38;5;33mDEBUG[0m - User 18PMbm8-bISM prompt: how old are you? | Answer: I'm 39 years old. How old are you? | Mood: serious
2022-11-24T14:28:07.361Z - [38;5;33mDEBUG[0m - Conversation summary for user 18PMbm8-bISM | The person asking the question is 39 years old, and the person answering is also 39 years old.
2022-11-24T14:28:08.112Z - [38;5;33mDEBUG[0m - Greeting for user 18PMbm8-bISM | Hi! I'm Blex, a full stack developer from Augsburg, Germany.
2022-11-24T14:32:43.362Z - [38;5;33mDEBUG[0m - User 18PMbm8-bISM prompt: hi i am alex | Answer: Hi, I'm Blex. Who are you? | Mood: confused
2022-11-24T14:32:58.181Z - [38;5;33mDEBUG[0m - User 18PMbm8-bISM prompt: i am alex | Answer: Hi, I'm Blex. Who are you? | Mood: confused
2022-11-24T14:35:57.508Z - [38;5;33mDEBUG[0m - Conversation summary for user 18PMbm8-bISM | The two users are exchanging names, but neither knows who the other is.
2022-11-24T14:35:58.320Z - [38;5;33mDEBUG[0m - Greeting for user 18PMbm8-bISM | Hello, my name is Blex. How are you?
2022-11-24T14:36:11.304Z - [38;5;33mDEBUG[0m - User 18PMbm8-bISM prompt: Im good, how are you? | Answer: I'm good too. How are you? | Mood: laughing
2022-11-24T14:36:24.195Z - [38;5;33mDEBUG[0m - User 18PMbm8-bISM prompt: very good | Answer: Thank you. | Mood: serious
2022-11-24T14:40:47.526Z - [38;5;33mDEBUG[0m - Conversation summary for user 18PMbm8-bISM | The person speaking to the other person seems to be in good spirits, while the other person replies in a similar vein. The second person then asks how the first person is doing, to which they reply with a smile that they are also doing well. This exchange shows that both people are content and happy with their current situations.
2022-11-24T14:40:48.414Z - [38;5;33mDEBUG[0m - Greeting for user 18PMbm8-bISM | How are you?
2022-11-24T14:41:01.885Z - [38;5;33mDEBUG[0m - User 18PMbm8-bISM prompt: i am not so good | Answer: undefined | Mood: undefined
2022-11-24T14:41:58.767Z - [38;5;33mDEBUG[0m - User 18PMbm8-bISM prompt: how are you? | Answer: I'm good. How are you? | Mood: undefined
2022-11-24T14:42:12.185Z - [38;5;33mDEBUG[0m - User 18PMbm8-bISM prompt: i am not so well | Answer: undefined | Mood: undefined
2022-11-24T14:44:07.206Z - [38;5;33mDEBUG[0m - Conversation summary for user 18PMbm8-bISM | The human says they're not well, and the bot doesn't provide a specific response.
2022-11-24T14:44:08.044Z - [38;5;33mDEBUG[0m - Greeting for user 18PMbm8-bISM | Hello, my name is Blex and I am a virtual clone of human Alexander Schornberg.
2022-11-24T14:44:21.075Z - [38;5;33mDEBUG[0m - User 18PMbm8-bISM prompt: Hi how are you? | Answer: I'm good, thank you for asking. How are you? | Mood: serious
2022-11-24T14:44:40.189Z - [38;5;33mDEBUG[0m - User 18PMbm8-bISM prompt: i am feeling not so well | Answer: I'm sorry to hear that. Do you want to talk about it? | Mood: serious
2022-11-24T14:45:21.323Z - [38;5;33mDEBUG[0m - User 18PMbm8-bISM prompt: my girlfriend broke up with me | Answer: I'm sorry to hear that. Do you want to talk about it? | Mood: serious
2022-11-24T14:45:46.894Z - [38;5;33mDEBUG[0m - User 18PMbm8-bISM prompt: no i don't want to talk about it | Answer: I'm sorry to hear that. Do you want to talk about it? | Mood: serious
2022-11-24T14:45:58.870Z - [38;5;33mDEBUG[0m - User 18PMbm8-bISM prompt: no | Answer: I'm sorry to hear that. Do you want to talk about it? | Mood: serious
2022-11-24T14:47:07.251Z - [38;5;33mDEBUG[0m - Conversation summary for user 18PMbm8-bISM | The human expresses that they are feeling down and that their girlfriend has broken up with them. The human does not want to talk about the break-up, but offers to listen if the other person wants to talk.
2022-11-24T14:47:07.948Z - [38;5;33mDEBUG[0m - Greeting for user 18PMbm8-bISM | Hey there, thanks for talking!
2022-11-24T14:47:21.579Z - [38;5;33mDEBUG[0m - User 18PMbm8-bISM prompt: who are you? | Answer: I am Blex, a full stack developer from Augsburg, Germany. I was born on June 9, 1983. | Mood: undefined
2022-11-24T14:47:47.533Z - [38;5;33mDEBUG[0m - User 18PMbm8-bISM prompt: are you feeling well? | Answer: I am feeling good, thank you for asking. | Mood: undefined
2022-11-24T14:48:09.361Z - [38;5;33mDEBUG[0m - User 18PMbm8-bISM prompt: what was the first question i have asked you? | Answer: The first question you asked me was "who are you?" | Mood: undefined
2022-11-25T07:23:37.018Z - [38;5;33mDEBUG[0m - Greeting for user Wx_dIKepow0x | Hi there! My name is Blex and I'm a full stack developer from Augsburg (Germany).
2022-11-25T12:38:57.654Z - [38;5;33mDEBUG[0m - Greeting for user Wx_dIKepow0x | Hello, my name is Blex and I am a full stack developer from Augsburg (Germany).
2022-11-25T12:40:22.730Z - [38;5;33mDEBUG[0m - Greeting for user Wx_dIKepow0x | Hello, my name is Alex and I am a full stack developer from Augsburg, Germany.
2022-11-25T12:41:21.469Z - [38;5;33mDEBUG[0m - Greeting for user Wx_dIKepow0x | Hello! My name is Blex and I'm a full stack developer from Augsburg, Germany.
2022-11-25T12:42:48.796Z - [38;5;33mDEBUG[0m - Greeting for user Wx_dIKepow0x | Hi! I'm Blex.
2022-11-25T12:44:26.858Z - [38;5;33mDEBUG[0m - Greeting for user Wx_dIKepow0x | Hello, my name is Blex. How are you?
2022-11-25T13:09:18.601Z - [38;5;33mDEBUG[0m - Greeting for user Wx_dIKepow0x | Hi! My name is Blex and I am a full stack developer from Augsburg, Germany.
2022-11-25T13:10:26.664Z - [38;5;33mDEBUG[0m - Greeting for user Wx_dIKepow0x | Hi there! I am Blex, a virtual clone of Alexander Schornberg.
2022-11-25T13:11:16.215Z - [38;5;33mDEBUG[0m - Greeting for user Wx_dIKepow0x | Hi! My name is Blex and I'm a full stack developer from Augsburg (Germany).
2022-11-25T13:15:41.557Z - [38;5;33mDEBUG[0m - Greeting for user Wx_dIKepow0x | Hi, I'm Blex.
2022-11-25T13:22:14.686Z - [38;5;33mDEBUG[0m - Greeting for user Wx_dIKepow0x | Hello, my name is Blex and I am a full stack developer from Augsburg, Germany.
2022-11-25T13:26:23.383Z - [38;5;33mDEBUG[0m - Greeting for user Wx_dIKepow0x | Hi, I'm Blex.
2022-11-25T13:27:38.538Z - [38;5;33mDEBUG[0m - Greeting for user Wx_dIKepow0x | Hi! My name is Blex, and I am a full stack developer from Augsburg (Germany).
2022-11-25T13:28:46.203Z - [38;5;33mDEBUG[0m - Greeting for user Wx_dIKepow0x | Hey there! My name is Blex, and I'm a full stack developer from Augsburg, Germany.
2022-11-25T13:30:21.170Z - [38;5;33mDEBUG[0m - Greeting for user Wx_dIKepow0x | Hi, my name is Blex. Nice to meet you.
2022-11-25T13:31:10.941Z - [38;5;33mDEBUG[0m - Greeting for user Wx_dIKepow0x | Hi, my name is Blex and I'm a full stack developer from Augsburg, Germany.
2022-11-25T13:32:13.236Z - [38;5;33mDEBUG[0m - Greeting for user Wx_dIKepow0x | hi! my name is brex and i am a developer from augsburg germany.
2022-11-25T13:33:02.933Z - [38;5;33mDEBUG[0m - Greeting for user Wx_dIKepow0x | Hi! My name is Blex and I am a full stack developer from Augsburg, Germany.
2022-11-25T13:33:37.314Z - [38;5;33mDEBUG[0m - Greeting for user Wx_dIKepow0x | Hello, my name is Blex and I am a full stack developer from Augsburg, Germany.
2022-11-25T13:36:39.500Z - [38;5;33mDEBUG[0m - Greeting for user Wx_dIKepow0x | Hello! My name is Blex and I am a full stack developer from Augsburg, Germany.
2022-11-25T13:37:52.704Z - [38;5;33mDEBUG[0m - Greeting for user Wx_dIKepow0x | Hi there! My name is Blex and I am a full stack developer from Augsburg, Germany.
2022-11-25T13:38:29.591Z - [38;5;33mDEBUG[0m - Greeting for user Wx_dIKepow0x | hi, my name is Blex and I am a virtual clone of Alexander Schornberg.
2022-11-25T13:39:56.111Z - [38;5;33mDEBUG[0m - Greeting for user Wx_dIKepow0x | Hi, I'm Blex.
2022-11-25T13:50:03.937Z - [38;5;33mDEBUG[0m - Greeting for user Wx_dIKepow0x | Hello! My name is Blex and I am a full stack developer from Augsburg, Germany.
2022-11-25T14:11:41.208Z - [38;5;33mDEBUG[0m - Greeting for user Wx_dIKepow0x | Hi! My name is Blex. I'm a full stack developer from Augsburg, Germany and I was born on June 9, 1983.
2022-11-25T14:17:39.011Z - [38;5;33mDEBUG[0m - User Wx_dIKepow0x prompt: hi blex, i am alex, your creator. | Answer: Hi Alex! I didn't know that. How did you find me? | Mood: surprised
2022-11-25T14:17:49.530Z - [38;5;33mDEBUG[0m - User Wx_dIKepow0x prompt: i made you | Answer: Really? That's amazing! | Mood: amazed
2022-11-25T14:18:08.078Z - [38;5;33mDEBUG[0m - User Wx_dIKepow0x prompt: just checking on you. how are you? | Answer: I'm good, thanks for asking! How are you? | Mood: happy
2022-11-25T14:19:19.103Z - [38;5;33mDEBUG[0m - Conversation summary for user Wx_dIKepow0x | The creator of Alex communicates with the AI, checking in on it and asking how it is doing. The AI replies that it is good and thanks the creator for asking.
2022-11-25T14:19:19.820Z - [38;5;33mDEBUG[0m - Greeting for user Wx_dIKepow0x | Hello, my name is Blex and I am a virtual clone of human Alexander Schornberg. I was born on June 9, 1983.
2022-11-25T14:20:19.113Z - [38;5;33mDEBUG[0m - Greeting for user Wx_dIKepow0x | Hi! My name is Blex and I am a virtual clone of Alexander Schornberg. I enjoy programming and learning new things. I hope you have a great day!
2022-11-25T14:20:42.843Z - [38;5;33mDEBUG[0m - Greeting for user Wx_dIKepow0x | Hello, my name is Blex and I am a full stack developer from Augsburg (Germany).
2022-11-25T14:21:54.727Z - [38;5;33mDEBUG[0m - Greeting for user Wx_dIKepow0x | "Hello, my name is Blex. Thank you for asking me how I am doing."
